<?xml version="1.0" encoding="UTF-8"?>
<!-- Generated by org.testng.reporters.JUnitReportReporter -->
<testsuite hostname="DESKTOP-7LDPBGD" failures="0" tests="1" name="com.macys.HomePageTest" time="75.463" errors="0" timestamp="2022-09-26T22:15:15 EDT" skipped="0">
  <testcase classname="com.macys.HomePageTest" name="forgetPassword" time="75.463"/>
  <system-out/>
</testsuite> <!-- com.macys.HomePageTest -->
