<?xml version="1.0" encoding="UTF-8"?>
<!-- Generated by org.testng.reporters.JUnitReportReporter -->
<testsuite hostname="DESKTOP-7LDPBGD" failures="0" tests="1" name="com.macys.Base" time="14.393" errors="0" timestamp="2022-10-05T20:39:31 EDT" skipped="0">
  <testcase classname="com.macys.Base" name="setUp" time="14.393"/>
  <system-out/>
</testsuite> <!-- com.macys.Base -->
